<?xml version="1.0" encoding="UTF-8"?>
<!-- Generated by org.testng.reporters.JUnitXMLReporter -->
<testsuite ignored="0" hostname="HRISHIKESHSALU" failures="0" tests="4" name="ChromeTest " time="17.523" errors="0" timestamp="2023-04-17T10:20:50 IST">
  <testcase classname="com.SevenRSuperMarket.Test.Verify_LoginTest" name="loginWithValidCredentials" time="1.725"/>
  <testcase classname="com.SevenRSuperMarket.Test.Verify_LoginTest" name="loginWithValidCredentials" time="0.649"/>
  <testcase classname="com.SevenRSuperMarket.Test.Verify_LoginTest" name="loginWithValidCredentials" time="1.019"/>
  <testcase classname="com.SevenRSuperMarket.Test.Verify_LoginTest" name="loginWithValidCredentials" time="0.574"/>
</testsuite> <!-- ChromeTest  -->
