<?xml version="1.0" encoding="UTF-8"?>
<!-- Generated by org.testng.reporters.JUnitXMLReporter -->
<testsuite ignored="0" hostname="HRISHIKESHSALU" failures="1" tests="1" name="Test" time="4.195" errors="0" timestamp="2023-04-17T01:08:35 IST">
  <testcase classname="com.SevenRSuperMarket.Test.ManageUsersTest" name="manageUsersSearchButtonBackGround" time="0.573">
    <failure type="java.lang.NullPointerException" message="Cannot invoke &amp;quot;org.apache.poi.xssf.usermodel.XSSFSheet.getRow(int)&amp;quot; because &amp;quot;Utilities.ExcelUtility.sh&amp;quot; is null">
      <![CDATA[java.lang.NullPointerException: Cannot invoke "org.apache.poi.xssf.usermodel.XSSFSheet.getRow(int)" because "Utilities.ExcelUtility.sh" is null
at Utilities.ExcelUtility.getString(ExcelUtility.java:62)
at com.SevenRSuperMarket.Test.ManageUsersTest.manageUsersSearchButtonBackGround(ManageUsersTest.java:26)
at java.base/java.util.ArrayList.forEach(ArrayList.java:1511)
... Removed 27 stack frames]]>
    </failure>
  </testcase> <!-- manageUsersSearchButtonBackGround -->
</testsuite> <!-- Test -->
