<?xml version="1.0" encoding="UTF-8"?>
<!-- Generated by org.testng.reporters.JUnitXMLReporter -->
<testsuite ignored="0" hostname="HRISHIKESHSALU" failures="3" tests="3" name="Test" time="23.021" errors="0" timestamp="2023-04-15T00:34:30 IST">
  <testcase classname="com.SevenRSuperMarket.Project.ManageProductsTest" name="manageProducts" time="0.729">
    <failure type="java.lang.NullPointerException" message="Cannot invoke &amp;quot;org.apache.poi.xssf.usermodel.XSSFSheet.getRow(int)&amp;quot; because &amp;quot;Utilities.ExcelUtility.sh&amp;quot; is null">
      <![CDATA[java.lang.NullPointerException: Cannot invoke "org.apache.poi.xssf.usermodel.XSSFSheet.getRow(int)" because "Utilities.ExcelUtility.sh" is null
at Utilities.ExcelUtility.getString(ExcelUtility.java:62)
at com.SevenRSuperMarket.Project.ManageProductsTest.manageProducts(ManageProductsTest.java:23)
at java.base/java.util.ArrayList.forEach(ArrayList.java:1511)
... Removed 27 stack frames]]>
    </failure>
  </testcase> <!-- manageProducts -->
  <testcase classname="com.SevenRSuperMarket.Project.VerifyUsersTest" name="verifyUsers" time="0.064">
    <failure type="java.lang.NullPointerException" message="Cannot invoke &amp;quot;org.apache.poi.xssf.usermodel.XSSFSheet.getRow(int)&amp;quot; because &amp;quot;Utilities.ExcelUtility.sh&amp;quot; is null">
      <![CDATA[java.lang.NullPointerException: Cannot invoke "org.apache.poi.xssf.usermodel.XSSFSheet.getRow(int)" because "Utilities.ExcelUtility.sh" is null
at Utilities.ExcelUtility.getString(ExcelUtility.java:62)
at com.SevenRSuperMarket.Project.VerifyUsersTest.verifyUsers(VerifyUsersTest.java:21)
at java.base/java.util.ArrayList.forEach(ArrayList.java:1511)
... Removed 27 stack frames]]>
    </failure>
  </testcase> <!-- verifyUsers -->
  <testcase classname="com.SevenRSuperMarket.Project.LoginTest" name="login" time="0.056">
    <failure type="java.lang.NullPointerException" message="Cannot invoke &amp;quot;org.apache.poi.xssf.usermodel.XSSFSheet.getRow(int)&amp;quot; because &amp;quot;Utilities.ExcelUtility.sh&amp;quot; is null">
      <![CDATA[java.lang.NullPointerException: Cannot invoke "org.apache.poi.xssf.usermodel.XSSFSheet.getRow(int)" because "Utilities.ExcelUtility.sh" is null
at Utilities.ExcelUtility.getString(ExcelUtility.java:62)
at com.SevenRSuperMarket.Project.LoginTest.login(LoginTest.java:19)
at java.base/java.util.ArrayList.forEach(ArrayList.java:1511)
... Removed 27 stack frames]]>
    </failure>
  </testcase> <!-- login -->
</testsuite> <!-- Test -->
