<?xml version="1.0" encoding="UTF-8"?>
<testng-results ignored="0" total="1" passed="1" failed="0" skipped="0">
  <reporter-output>
  </reporter-output>
  <suite started-at="2023-04-17T11:00:49 IST" name="Suite" finished-at="2023-04-17T11:00:59 IST" duration-ms="10671">
    <groups>
    </groups>
    <test started-at="2023-04-17T11:00:49 IST" name="Test" finished-at="2023-04-17T11:00:59 IST" duration-ms="10671">
      <class name="com.SevenRSuperMarket.Test.PushNotificationsTest">
        <test-method is-config="true" signature="initialiseBrowser(java.lang.String)[pri:0, instance:com.SevenRSuperMarket.Test.PushNotificationsTest@7ae42ce3]" started-at="2023-04-17T11:00:49 IST" name="initialiseBrowser" finished-at="2023-04-17T11:00:54 IST" duration-ms="5378" status="PASS">
          <params>
            <param index="0">
              <value>
                <![CDATA[chrome]]>
              </value>
            </param>
          </params>
          <reporter-output>
          </reporter-output>
        </test-method> <!-- initialiseBrowser -->
        <test-method signature="pushNotifications(java.lang.String,java.lang.String)[pri:0, instance:com.SevenRSuperMarket.Test.PushNotificationsTest@7ae42ce3]" started-at="2023-04-17T11:00:54 IST" name="pushNotifications" finished-at="2023-04-17T11:00:59 IST" duration-ms="5002" status="PASS">
          <params>
            <param index="0">
              <value>
                <![CDATA[admin]]>
              </value>
            </param>
            <param index="1">
              <value>
                <![CDATA[admin]]>
              </value>
            </param>
          </params>
          <reporter-output>
          </reporter-output>
        </test-method> <!-- pushNotifications -->
        <test-method is-config="true" signature="browserQuit(org.testng.ITestResult)[pri:0, instance:com.SevenRSuperMarket.Test.PushNotificationsTest@7ae42ce3]" started-at="2023-04-17T11:00:59 IST" name="browserQuit" finished-at="2023-04-17T11:00:59 IST" duration-ms="246" status="PASS">
          <params>
            <param index="0">
              <value>
                <![CDATA[[TestResult name=pushNotifications status=SUCCESS method=PushNotificationsTest.pushNotifications(java.lang.String,java.lang.String)[pri:0, instance:com.SevenRSuperMarket.Test.PushNotificationsTest@7ae42ce3] output={null}]]]>
              </value>
            </param>
          </params>
          <reporter-output>
          </reporter-output>
        </test-method> <!-- browserQuit -->
      </class> <!-- com.SevenRSuperMarket.Test.PushNotificationsTest -->
    </test> <!-- Test -->
  </suite> <!-- Suite -->
</testng-results>
